{
  "RSpec": {
    "coverage": {
      "/Users/student/Projects/bank_tech_test/spec/bank_account_spec.rb": [
        1,
        1,
        1,
        null,
        null,
        1,
        null,
        1,
        6,
        null,
        null,
        1,
        6,
        null,
        null,
        1,
        null,
        1,
        null,
        1,
        0,
        0,
        null,
        null,
        null,
        null,
        null,
        1,
        0,
        0,
        null,
        null,
        null,
        1,
        null,
        1,
        1,
        1,
        null,
        null,
        1,
        1,
        1,
        null,
        null,
        null,
        null,
        null,
        1,
        2,
        2,
        null,
        null,
        null,
        1,
        null,
        1,
        1,
        1,
        null,
        null,
        1,
        1,
        1,
        null,
        null,
        null,
        null,
        null,
        1,
        2,
        2,
        null,
        null,
        null
      ],
      "/Users/student/Projects/bank_tech_test/lib/bank_account.rb": [
        1,
        null,
        1,
        null,
        1,
        7,
        7,
        null,
        null,
        1,
        6,
        3,
        3,
        3,
        null,
        null,
        1,
        5,
        4,
        4,
        4,
        null,
        null,
        1,
        null,
        1,
        7,
        null,
        null,
        null,
        null,
        null,
        7,
        null,
        null,
        1,
        7,
        4,
        null,
        3,
        null,
        null,
        null,
        1,
        7,
        4,
        null,
        3,
        null,
        null,
        null,
        1,
        11,
        null,
        null
      ],
      "/Users/student/Projects/bank_tech_test/spec/test_helpers.rb": [
        1,
        4,
        null,
        null,
        1,
        3,
        null,
        null,
        null,
        null,
        null,
        null,
        null,
        null,
        null,
        null,
        null,
        null,
        null,
        null,
        null
      ],
      "/Users/student/Projects/bank_tech_test/spec/bank_statement_spec.rb": [
        1,
        1,
        null,
        1,
        null,
        5,
        null,
        null,
        1,
        null,
        null,
        1,
        4,
        null,
        null,
        1,
        null,
        1,
        1,
        null,
        null,
        null,
        null,
        1,
        1,
        1,
        null,
        null,
        null,
        null,
        null,
        1,
        null,
        null,
        null,
        null,
        null,
        1,
        1,
        1,
        null,
        null,
        null,
        null,
        null,
        1,
        null,
        null,
        null,
        null,
        null,
        1,
        1,
        1,
        null,
        null,
        null,
        null,
        null,
        null,
        null,
        null,
        null,
        null,
        1,
        null,
        null,
        null,
        null,
        null
      ],
      "/Users/student/Projects/bank_tech_test/lib/bank_statement.rb": [
        1,
        null,
        1,
        5,
        null,
        null,
        1,
        5,
        1,
        null,
        null,
        4,
        null,
        null,
        null,
        1,
        null,
        1,
        4,
        11,
        4,
        7,
        4,
        null,
        3,
        null,
        null,
        4,
        null,
        null,
        1,
        5,
        null,
        null,
        1,
        4,
        7,
        null,
        4,
        null,
        null,
        1,
        4,
        null,
        null,
        null,
        null,
        1,
        3,
        null,
        null,
        null,
        null
      ],
      "/Users/student/Projects/bank_tech_test/spec/bank_transaction_spec.rb": [
        1,
        null,
        1,
        null,
        1,
        2,
        null,
        null,
        null,
        1,
        2,
        null,
        null,
        null,
        1,
        2,
        2,
        2,
        null,
        null,
        null,
        null
      ],
      "/Users/student/Projects/bank_tech_test/lib/bank_transaction.rb": [
        1,
        null,
        1,
        null,
        1,
        null,
        1,
        2,
        2,
        2,
        2,
        1,
        null,
        null,
        1,
        null,
        1,
        2,
        null,
        null,
        1,
        1,
        null,
        null
      ],
      "/Users/student/Projects/bank_tech_test/spec/features_spec.rb": [
        1,
        1,
        1,
        null,
        1,
        1,
        1,
        null,
        1,
        1,
        null,
        null,
        1,
        1,
        null,
        null,
        1,
        1,
        1,
        1,
        1,
        1,
        null,
        null,
        null,
        null,
        null
      ]
    },
    "timestamp": 1567071559
  }
}
